SLURM_NODELIST=nia[0175,0236,0488-0489]
SLURM_JOB_NAME=alltoall
SLURMD_NODENAME=nia0175
SLURM_TOPOLOGY_ADDR=nia0175
SLURM_NTASKS_PER_NODE=40
SLURM_PRIO_PROCESS=0
SLURM_NODE_ALIASES=(null)
SLURM_EXPORT_ENV=ALL
SLURM_JOB_QOS=normal
SLURM_TOPOLOGY_ADDR_PATTERN=node
SLURM_NNODES=4
SLURM_JOBID=5469477
SLURM_NTASKS=160
SLURM_TASKS_PER_NODE=40(x4)
SLURM_WORKING_CLUSTER=niagara:10.20.206.10:6817:8960:102
SLURM_CONF=/opt/slurm/etc/slurm.conf
SLURM_JOB_ID=5469477
SLURM_JOB_USER=lcl_uotiscsccs1034
SLURM_JOB_UID=1911034
SLURM_NODEID=0
SLURM_SUBMIT_DIR=/gpfs/fs0/scratch/l/lcl_uotiscscc/lcl_uotiscsccs1034/code-challenge/collective_profiler/examples
SLURM_TASK_PID=182687
SLURM_NPROCS=160
SLURM_CPUS_ON_NODE=80
SLURM_PROCID=0
SLURM_JOB_NODELIST=nia[0175,0236,0488-0489]
SLURM_LOCALID=0
SLURM_GET_USER_ENV=1
SLURM_JOB_GID=1910004
SLURM_JOB_CPUS_PER_NODE=80(x4)
SLURM_CLUSTER_NAME=niagara
SLURM_GTIDS=0
SLURM_SUBMIT_HOST=nia-login01.scinet.local
SLURM_JOB_PARTITION=compute
SLURM_TMPDIR=/dev/shm/slurm.lcl_uotiscsccs1034.5469477
SLURM_JOB_ACCOUNT=lcl-uotiscsccs1034
SLURM_JOB_NUM_NODES=4
SLURM_MEM_PER_NODE=175000
