MKLROOT=/scinet/intel/2019u4/compilers_and_libraries_2019.4.243/linux/mkl
LMOD_FAMILY_COMPILER_VERSION=2019u4
SLURM_NODELIST=nia[1765,1771,1972-1973]
SLURM_JOB_NAME=wrf-profile
MANPATH=/scinet/niagara/software/2019b/opt/intel-2019u4/openmpi/4.0.1-hpcx2.5/share/man:/scinet/intel/2019u4/man/common:/scinet/intel/2019u4/documentation_2019/en/debugger/gdb-ia/man:/gpfs/fs0/scratch/l/lcl_uotiscscc/lcl_uotiscsccs1034/spack/opt/spack/linux-centos7-skylake_avx512/gcc-11.1.0/git-2.31.1-hejxfovvppsptcrwfd4w4quudi7353ch/share/man:/gpfs/fs0/scratch/l/lcl_uotiscscc/lcl_uotiscsccs1034/spack/opt/spack/linux-centos7-skylake_avx512/gcc-11.1.0/perl-5.32.1-cpha2efrgjc6kdocypazpnhmefvxnwdx/man:/gpfs/fs0/scratch/l/lcl_uotiscscc/lcl_uotiscsccs1034/spack/opt/spack/linux-centos7-skylake_avx512/gcc-11.1.0/gdbm-1.19-aermwohd4yp5ml4unyn3gucv5pjakp2o/share/man:/gpfs/fs0/scratch/l/lcl_uotiscscc/lcl_uotiscsccs1034/spack/opt/spack/linux-centos7-skylake_avx512/gcc-11.1.0/readline-8.1-enlnwfe42bnof57izlh6lneftkwj4sui/share/man:/gpfs/fs0/scratch/l/lcl_uotiscscc/lcl_uotiscsccs1034/spack/opt/spack/linux-centos7-skylake_avx512/gcc-11.1.0/pcre2-10.36-5wbmo7oxegol4wctyiztzjcyt2j4vya7/share/man:/gpfs/fs0/scratch/l/lcl_uotiscscc/lcl_uotiscsccs1034/spack/opt/spack/linux-centos7-skylake_avx512/gcc-11.1.0/openssh-8.5p1-ptypzvbcsi3rqhgvmsunfsirbegg5mnl/share/man:/gpfs/fs0/scratch/l/lcl_uotiscscc/lcl_uotiscsccs1034/spack/opt/spack/linux-centos7-skylake_avx512/gcc-11.1.0/libedit-3.1-20210216-tpo4bk6bl7g4fjph4dwuyxsoop65jo6b/share/man:/gpfs/fs0/scratch/l/lcl_uotiscscc/lcl_uotiscsccs1034/spack/opt/spack/linux-centos7-skylake_avx512/gcc-11.1.0/gettext-0.21-w66ui6xuwaxqldc2gturttmyqi4vkizm/share/man:/gpfs/fs0/scratch/l/lcl_uotiscscc/lcl_uotiscsccs1034/spack/opt/spack/linux-centos7-skylake_avx512/gcc-11.1.0/tar-1.34-dg5mcrd2cyfx2rwjizcst3xwltjwgnci/share/man:/gpfs/fs0/scratch/l/lcl_uotiscscc/lcl_uotiscsccs1034/spack/opt/spack/linux-centos7-skylake_avx512/gcc-11.1.0/libxml2-2.9.10-f6x3xrlahay7zz7rvnkxswd2fopo2xbl/share/man:/gpfs/fs0/scratch/l/lcl_uotiscscc/lcl_uotiscsccs1034/spack/opt/spack/linux-centos7-skylake_avx512/gcc-11.1.0/xz-5.2.5-2pmv4o2uytqu5wnuevtm5rozuwqv7psg/share/man:/gpfs/fs0/scratch/l/lcl_uotiscscc/lcl_uotiscsccs1034/spack/opt/spack/linux-centos7-skylake_avx512/gcc-11.1.0/bzip2-1.0.8-kfekfkzjxc6upcqdwsw4zcna2uh2rbpg/man:/gpfs/fs0/scratch/l/lcl_uotiscscc/lcl_uotiscsccs1034/spack/opt/spack/linux-centos7-skylake_avx512/gcc-11.1.0/libbsd-0.11.3-dncrgld7mxxm4qwxb3hmkd6r4srn57tg/share/man:/gpfs/fs0/scratch/l/lcl_uotiscscc/lcl_uotiscsccs1034/spack/opt/spack/linux-centos7-skylake_avx512/gcc-11.1.0/libmd-1.0.3-vuvjecmvron2tz6te46yssfco4owtkb5/share/man:/gpfs/fs0/scratch/l/lcl_uotiscscc/lcl_uotiscsccs1034/spack/opt/spack/linux-centos7-skylake_avx512/gcc-11.1.0/curl-7.76.1-ayixrof43u7vxwimor2zkb7rgq67wdxg/share/man:/gpfs/fs0/scratch/l/lcl_uotiscscc/lcl_uotiscsccs1034/spack/opt/spack/linux-centos7-skylake_avx512/gcc-11.1.0/zlib-1.2.11-tdy4ms7e6m5yuqgljhwxrlw524zubo4y/share/man:/gpfs/fs0/scratch/l/lcl_uotiscscc/lcl_uotiscsccs1034/spack/opt/spack/linux-centos7-skylake_avx512/gcc-11.1.0/libidn2-2.3.0-c2uccgfxp766voqwhqaun6lb7h2z754s/share/man:/gpfs/fs0/scratch/l/lcl_uotiscscc/lcl_uotiscsccs1034/spack/opt/spack/linux-centos7-skylake_avx512/gcc-11.1.0/libiconv-1.16-zgps2bxcenz2rvgjafrqjs3pw5zzxiku/share/man:/opt/slurm/share/man:/scinet/niagara/software/2019b/lmod/lmod/share/man::/scinet/niagara/share/man
RSNT_ARCH=avx512
__INTEL_PRE_CFLAGS=-gcc-name=core-gcc -gxx-name=core-g++
_ModuleTable003_=aW5ldC9uaWFnYXJhL3NvZnR3YXJlLzIwMTliL21vZHVsZXMvaW50ZWwtMjAxOXU0LW9wZW5tcGktNC4wLjEiLCIvc2NpbmV0L25pYWdhcmEvc29mdHdhcmUvMjAxOWIvbW9kdWxlcy9pbnRlbC0yMDE5dTQiLCIvc2NpbmV0L25pYWdhcmEvc29mdHdhcmUvMjAxOWIvbW9kdWxlcy9iYXNlIiwiL2dwZnMvZnMwL3NjcmF0Y2gvbC9sY2xfdW90aXNjc2NjL2xjbF91b3Rpc2NzY2NzMTAzNC9zcGFjay9zaGFyZS9zcGFjay9tb2R1bGVzL2xpbnV4LWNlbnRvczctc2t5bGFrZV9hdng1MTIiLCIvc2NpbmV0L25pYWdhcmEvc3RhY2tzIix9LFsic3lzdGVtQmFzZU1QQVRIIl09Ii9zY2luZXQvbmlhZ2FyYS9zdGFja3MiLH0=
SLURMD_NODENAME=nia1765
SLURM_TOPOLOGY_ADDR=nia1765
HOSTNAME=nia1765.scinet.local
SLURM_NTASKS_PER_NODE=40
SPACK_ROOT=/gpfs/fs0/scratch/l/lcl_uotiscscc/lcl_uotiscsccs1034/spack
__LMOD_REF_COUNT_CLASSPATH=/scinet/intel/2019u4/compilers_and_libraries_2019.4.243/linux/daal/lib/daal.jar:1
SLURM_PRIO_PROCESS=0
IPPROOT=/scinet/intel/2019u4/compilers_and_libraries_2019.4.243/linux/ipp
INTEL_LICENSE_FILE=28518@nia-license
SLURM_NODE_ALIASES=(null)
SHELL=/bin/bash
LMOD_FAMILY_ENV_VERSION=2019b
__LMOD_REF_COUNT_MODULEPATH=/scinet/niagara/software/2019b/modules/intel-2019u4-openmpi-4.0.1:1;/scinet/niagara/software/2019b/modules/intel-2019u4:1;/scinet/niagara/software/2019b/modules/base:1;/gpfs/fs0/scratch/l/lcl_uotiscscc/lcl_uotiscsccs1034/spack/share/spack/modules/linux-centos7-skylake_avx512:1;/scinet/niagara/stacks:1
SLURM_EXPORT_ENV=ALL
SLURM_JOB_QOS=normal
HISTSIZE=1000
PROJECT=/your.group.does.not.have.a.project.allocation.on.Niagara/
LMOD_ROOT=/scinet/niagara/software/2019b/lmod
LMOD_FAMILY_ENV=NiaEnv
TMPDIR=/tmp
SLURM_TOPOLOGY_ADDR_PATTERN=node
MODULEPATH_ROOT=/scinet/niagara/software/2019b/modules
LMOD_SYSTEM_DEFAULT_MODULES=
__LMOD_STACK_CXX=bXBpY3h4:bXBpY3h4
LIBRARY_PATH=/scinet/niagara/software/2019b/opt/intel-2019u4/openmpi/4.0.1-hpcx2.5/lib:/scinet/intel/2019u4/compilers_and_libraries_2019.4.243/linux/ipp/lib/intel64:/scinet/intel/2019u4/compilers_and_libraries_2019.4.243/linux/compiler/lib/intel64_lin:/scinet/intel/2019u4/compilers_and_libraries_2019.4.243/linux/mkl/lib/intel64_lin:/scinet/intel/2019u4/compilers_and_libraries_2019.4.243/linux/tbb/lib/intel64/gcc4.1:/scinet/intel/2019u4/compilers_and_libraries_2019.4.243/linux/daal/lib/intel64_lin:/scinet/intel/2019u4/compilers_and_libraries_2019.4.243/linux/tbb/lib/intel64_lin/gcc4.4
LMOD_PACKAGE_PATH=/scinet/niagara/etc/lmodconfig
CONDA_SHLVL=1
CONDA_PROMPT_MODIFIER=(base) 
LMOD_PKG=/scinet/niagara/software/2019b/lmod/lmod
LMOD_VERSION=8.4.16
LMOD_SHORT_TIME=86400
__LMOD_STACK_FC=bXBpZm9ydA==:bXBpZm9ydA==
__LMOD_REF_COUNT_CMAKE_PREFIX_PATH=/scinet/niagara/software/2019b/opt/intel-2019u4/openmpi/4.0.1-hpcx2.5:1;/gpfs/fs0/scratch/l/lcl_uotiscscc/lcl_uotiscsccs1034/spack/opt/spack/linux-centos7-skylake_avx512/gcc-11.1.0/git-2.31.1-hejxfovvppsptcrwfd4w4quudi7353ch:2;/gpfs/fs0/scratch/l/lcl_uotiscscc/lcl_uotiscsccs1034/spack/opt/spack/linux-centos7-skylake_avx512/gcc-11.1.0/perl-5.32.1-cpha2efrgjc6kdocypazpnhmefvxnwdx:2;/gpfs/fs0/scratch/l/lcl_uotiscscc/lcl_uotiscsccs1034/spack/opt/spack/linux-centos7-skylake_avx512/gcc-11.1.0/gdbm-1.19-aermwohd4yp5ml4unyn3gucv5pjakp2o:2;/gpfs/fs0/scratch/l/lcl_uotiscscc/lcl_uotiscsccs1034/spack/opt/spack/linux-centos7-skylake_avx512/gcc-11.1.0/readline-8.1-enlnwfe42bnof57izlh6lneftkwj4sui:2;/gpfs/fs0/scratch/l/lcl_uotiscscc/lcl_uotiscsccs1034/spack/opt/spack/linux-centos7-skylake_avx512/gcc-11.1.0/berkeley-db-18.1.40-24apqk4gparujsdpzp4rqirkwepn2isk:2;/gpfs/fs0/scratch/l/lcl_uotiscscc/lcl_uotiscsccs1034/spack/opt/spack/linux-centos7-skylake_avx512/gcc-11.1.0/pcre2-10.36-5wbmo7oxegol4wctyiztzjcyt2j4vya7:2;/gpfs/fs0/scratch/l/lcl_uotiscscc/lcl_uotiscsccs1034/spack/opt/spack/linux-centos7-skylake_avx512/gcc-11.1.0/openssh-8.5p1-ptypzvbcsi3rqhgvmsunfsirbegg5mnl:2;/gpfs/fs0/scratch/l/lcl_uotiscscc/lcl_uotiscsccs1034/spack/opt/spack/linux-centos7-skylake_avx512/gcc-11.1.0/libedit-3.1-20210216-tpo4bk6bl7g4fjph4dwuyxsoop65jo6b:2;/gpfs/fs0/scratch/l/lcl_uotiscscc/lcl_uotiscsccs1034/spack/opt/spack/linux-centos7-skylake_avx512/gcc-11.1.0/gettext-0.21-w66ui6xuwaxqldc2gturttmyqi4vkizm:2;/gpfs/fs0/scratch/l/lcl_uotiscscc/lcl_uotiscsccs1034/spack/opt/spack/linux-centos7-skylake_avx512/gcc-11.1.0/tar-1.34-dg5mcrd2cyfx2rwjizcst3xwltjwgnci:2;/gpfs/fs0/scratch/l/lcl_uotiscscc/lcl_uotiscsccs1034/spack/opt/spack/linux-centos7-skylake_avx512/gcc-11.1.0/ncurses-6.2-cvzdtkhwuuhhrhxy3fptswetlayt4a7z:2;/gpfs/fs0/scratch/l/lcl_uotiscscc/lcl_uotiscsccs1034/spack/opt/spack/linux-centos7-skylake_avx512/gcc-11.1.0/libxml2-2.9.10-f6x3xrlahay7zz7rvnkxswd2fopo2xbl:2;/gpfs/fs0/scratch/l/lcl_uotiscscc/lcl_uotiscsccs1034/spack/opt/spack/linux-centos7-skylake_avx512/gcc-11.1.0/xz-5.2.5-2pmv4o2uytqu5wnuevtm5rozuwqv7psg:2;/gpfs/fs0/scratch/l/lcl_uotiscscc/lcl_uotiscsccs1034/spack/opt/spack/linux-centos7-skylake_avx512/gcc-11.1.0/bzip2-1.0.8-kfekfkzjxc6upcqdwsw4zcna2uh2rbpg:2;/gpfs/fs0/scratch/l/lcl_uotiscscc/lcl_uotiscsccs1034/spack/opt/spack/linux-centos7-skylake_avx512/gcc-11.1.0/expat-2.3.0-dtulpwidarfy7brexo6y6too3jvrhyil:2;/gpfs/fs0/scratch/l/lcl_uotiscscc/lcl_uotiscsccs1034/spack/opt/spack/linux-centos7-skylake_avx512/gcc-11.1.0/libbsd-0.11.3-dncrgld7mxxm4qwxb3hmkd6r4srn57tg:2;/gpfs/fs0/scratch/l/lcl_uotiscscc/lcl_uotiscsccs1034/spack/opt/spack/linux-centos7-skylake_avx512/gcc-11.1.0/libmd-1.0.3-vuvjecmvron2tz6te46yssfco4owtkb5:2;/gpfs/fs0/scratch/l/lcl_uotiscscc/lcl_uotiscsccs1034/spack/opt/spack/linux-centos7-skylake_avx512/gcc-11.1.0/curl-7.76.1-ayixrof43u7vxwimor2zkb7rgq67wdxg:2;/gpfs/fs0/scratch/l/lcl_uotiscscc/lcl_uotiscsccs1034/spack/opt/spack/linux-centos7-skylake_avx512/gcc-11.1.0/openssl-1.1.1k-byzplam6g7jy55h5qwfs67wmuugqzty6:2;/gpfs/fs0/scratch/l/lcl_uotiscscc/lcl_uotiscsccs1034/spack/opt/spack/linux-centos7-skylake_avx512/gcc-11.1.0/zlib-1.2.11-tdy4ms7e6m5yuqgljhwxrlw524zubo4y:2;/gpfs/fs0/scratch/l/lcl_uotiscscc/lcl_uotiscsccs1034/spack/opt/spack/linux-centos7-skylake_avx512/gcc-11.1.0/libidn2-2.3.0-c2uccgfxp766voqwhqaun6lb7h2z754s:2;/gpfs/fs0/scratch/l/lcl_uotiscscc/lcl_uotiscsccs1034/spack/opt/spack/linux-centos7-skylake_avx512/gcc-11.1.0/libunistring-0.9.10-65es6jmkpz63vki7ituaz3iqkssyeyrp:2;/gpfs/fs0/scratch/l/lcl_uotiscscc/lcl_uotiscsccs1034/spack/opt/spack/linux-centos7-skylake_avx512/gcc-11.1.0/libiconv-1.16-zgps2bxcenz2rvgjafrqjs3pw5zzxiku:2
__LMOD_REF_COUNT_LOADEDMODULES=NiaEnv/2019b:1;intel/2019u4:1;openmpi/4.0.1:1
__LMOD_STACK_CC=bXBpY2M=:bXBpY2M=
SCINET_OPENMPI_ROOT=/scinet/niagara/software/2019b/opt/intel-2019u4/openmpi/4.0.1-hpcx2.5
SLURM_NNODES=4
USER=lcl_uotiscsccs1034
LMOD_sys=Linux
LD_LIBRARY_PATH=/home/l/lcl_uotiscscc/lcl_uotiscsccs1034/scratch/nonspack/netcdf/lib:/home/l/lcl_uotiscscc/lcl_uotiscsccs1034/scratch/nonspack/hdf5/lib:/scinet/niagara/software/2019b/opt/intel-2019u4/openmpi/4.0.1-hpcx2.5/lib:/scinet/intel/2019u4/compilers_and_libraries_2019.4.243/linux/compiler/lib/intel64_lin:/scinet/intel/2019u4/compilers_and_libraries_2019.4.243/linux/ipp/lib/intel64:/scinet/intel/2019u4/compilers_and_libraries_2019.4.243/linux/mkl/lib/intel64_lin:/scinet/intel/2019u4/compilers_and_libraries_2019.4.243/linux/tbb/lib/intel64/gcc4.1:/scinet/intel/2019u4/debugger_2019/libipt/intel64/lib:/scinet/intel/2019u4/compilers_and_libraries_2019.4.243/linux/daal/lib/intel64_lin:/scinet/intel/2019u4/compilers_and_libraries_2019.4.243/linux/tbb/lib/intel64_lin/gcc4.4:/scinet/niagara/software/2019b/core/lib64:/gpfs/fs0/scratch/l/lcl_uotiscscc/lcl_uotiscsccs1034/spack/opt/spack/linux-centos7-skylake_avx512/gcc-11.1.0/perl-5.32.1-cpha2efrgjc6kdocypazpnhmefvxnwdx/lib:/gpfs/fs0/scratch/l/lcl_uotiscscc/lcl_uotiscsccs1034/spack/opt/spack/linux-centos7-skylake_avx512/gcc-11.1.0/gdbm-1.19-aermwohd4yp5ml4unyn3gucv5pjakp2o/lib:/gpfs/fs0/scratch/l/lcl_uotiscscc/lcl_uotiscsccs1034/spack/opt/spack/linux-centos7-skylake_avx512/gcc-11.1.0/readline-8.1-enlnwfe42bnof57izlh6lneftkwj4sui/lib:/gpfs/fs0/scratch/l/lcl_uotiscscc/lcl_uotiscsccs1034/spack/opt/spack/linux-centos7-skylake_avx512/gcc-11.1.0/berkeley-db-18.1.40-24apqk4gparujsdpzp4rqirkwepn2isk/lib:/gpfs/fs0/scratch/l/lcl_uotiscscc/lcl_uotiscsccs1034/spack/opt/spack/linux-centos7-skylake_avx512/gcc-11.1.0/pcre2-10.36-5wbmo7oxegol4wctyiztzjcyt2j4vya7/lib:/gpfs/fs0/scratch/l/lcl_uotiscscc/lcl_uotiscsccs1034/spack/opt/spack/linux-centos7-skylake_avx512/gcc-11.1.0/libedit-3.1-20210216-tpo4bk6bl7g4fjph4dwuyxsoop65jo6b/lib:/gpfs/fs0/scratch/l/lcl_uotiscscc/lcl_uotiscsccs1034/spack/opt/spack/linux-centos7-skylake_avx512/gcc-11.1.0/gettext-0.21-w66ui6xuwaxqldc2gturttmyqi4vkizm/lib:/gpfs/fs0/scratch/l/lcl_uotiscscc/lcl_uotiscsccs1034/spack/opt/spack/linux-centos7-skylake_avx512/gcc-11.1.0/ncurses-6.2-cvzdtkhwuuhhrhxy3fptswetlayt4a7z/lib:/gpfs/fs0/scratch/l/lcl_uotiscscc/lcl_uotiscsccs1034/spack/opt/spack/linux-centos7-skylake_avx512/gcc-11.1.0/libxml2-2.9.10-f6x3xrlahay7zz7rvnkxswd2fopo2xbl/lib:/gpfs/fs0/scratch/l/lcl_uotiscscc/lcl_uotiscsccs1034/spack/opt/spack/linux-centos7-skylake_avx512/gcc-11.1.0/xz-5.2.5-2pmv4o2uytqu5wnuevtm5rozuwqv7psg/lib:/gpfs/fs0/scratch/l/lcl_uotiscscc/lcl_uotiscsccs1034/spack/opt/spack/linux-centos7-skylake_avx512/gcc-11.1.0/bzip2-1.0.8-kfekfkzjxc6upcqdwsw4zcna2uh2rbpg/lib:/gpfs/fs0/scratch/l/lcl_uotiscscc/lcl_uotiscsccs1034/spack/opt/spack/linux-centos7-skylake_avx512/gcc-11.1.0/expat-2.3.0-dtulpwidarfy7brexo6y6too3jvrhyil/lib:/gpfs/fs0/scratch/l/lcl_uotiscscc/lcl_uotiscsccs1034/spack/opt/spack/linux-centos7-skylake_avx512/gcc-11.1.0/libbsd-0.11.3-dncrgld7mxxm4qwxb3hmkd6r4srn57tg/lib:/gpfs/fs0/scratch/l/lcl_uotiscscc/lcl_uotiscsccs1034/spack/opt/spack/linux-centos7-skylake_avx512/gcc-11.1.0/libmd-1.0.3-vuvjecmvron2tz6te46yssfco4owtkb5/lib:/gpfs/fs0/scratch/l/lcl_uotiscscc/lcl_uotiscsccs1034/spack/opt/spack/linux-centos7-skylake_avx512/gcc-11.1.0/curl-7.76.1-ayixrof43u7vxwimor2zkb7rgq67wdxg/lib:/gpfs/fs0/scratch/l/lcl_uotiscscc/lcl_uotiscsccs1034/spack/opt/spack/linux-centos7-skylake_avx512/gcc-11.1.0/openssl-1.1.1k-byzplam6g7jy55h5qwfs67wmuugqzty6/lib:/gpfs/fs0/scratch/l/lcl_uotiscscc/lcl_uotiscsccs1034/spack/opt/spack/linux-centos7-skylake_avx512/gcc-11.1.0/zlib-1.2.11-tdy4ms7e6m5yuqgljhwxrlw524zubo4y/lib:/gpfs/fs0/scratch/l/lcl_uotiscscc/lcl_uotiscsccs1034/spack/opt/spack/linux-centos7-skylake_avx512/gcc-11.1.0/libidn2-2.3.0-c2uccgfxp766voqwhqaun6lb7h2z754s/lib:/gpfs/fs0/scratch/l/lcl_uotiscscc/lcl_uotiscsccs1034/spack/opt/spack/linux-centos7-skylake_avx512/gcc-11.1.0/libunistring-0.9.10-65es6jmkpz63vki7ituaz3iqkssyeyrp/lib:/gpfs/fs0/scratch/l/lcl_uotiscscc/lcl_uotiscsccs1034/spack/opt/spack/linux-centos7-skylake_avx512/gcc-11.1.0/libiconv-1.16-zgps2bxcenz2rvgjafrqjs3pw5zzxiku/lib:/home/l/lcl_uotiscscc/lcl_uotiscsccs1034/usr/netcdf/lib:/home/l/lcl_uotiscscc/lcl_uotiscsccs1034/usr/hdf5/lib:/home/l/lcl_uotiscscc/lcl_uotiscsccs1034/gpaw/openblas/lib:/opt/slurm/lib64
PSTLROOT=/scinet/intel/2019u4/compilers_and_libraries_2019.4.243/linux/pstl
BB_JOB_DIR=/bb/TMPDIR/slurm.nia1765/lcl_uotiscsccs1034.5470522
CONDA_EXE=/home/l/lcl_uotiscscc/lcl_uotiscsccs1034/anaconda3/bin/conda
__LMOD_STACK_F77=bXBpZjc3:bXBpZjc3
CPATH=/scinet/niagara/software/2019b/opt/intel-2019u4/openmpi/4.0.1-hpcx2.5/include:/scinet/intel/2019u4/compilers_and_libraries_2019.4.243/linux/ipp/include:/scinet/intel/2019u4/compilers_and_libraries_2019.4.243/linux/mkl/include:/scinet/intel/2019u4/compilers_and_libraries_2019.4.243/linux/pstl/include:/scinet/intel/2019u4/compilers_and_libraries_2019.4.243/linux/tbb/include:/scinet/intel/2019u4/compilers_and_libraries_2019.4.243/linux/daal/include
SLURM_JOBID=5470522
__LMOD_REF_COUNT__LMFILES_=/scinet/niagara/stacks/NiaEnv/2019b.lua:1;/scinet/niagara/software/2019b/modules/base/intel/2019u4:1;/scinet/niagara/software/2019b/modules/intel-2019u4/openmpi/4.0.1:1
SPACK_LD_LIBRARY_PATH=/home/l/lcl_uotiscscc/lcl_uotiscsccs1034/usr/netcdf/lib:/home/l/lcl_uotiscscc/lcl_uotiscsccs1034/usr/hdf5/lib:/home/l/lcl_uotiscscc/lcl_uotiscsccs1034/gpaw/openblas/lib:/gpfs/fs0/scratch/l/lcl_uotiscscc/lcl_uotiscsccs1034/spack/opt/spack/linux-centos7-skylake_avx512/gcc-11.1.0/perl-5.32.1-cpha2efrgjc6kdocypazpnhmefvxnwdx/lib:/gpfs/fs0/scratch/l/lcl_uotiscscc/lcl_uotiscsccs1034/spack/opt/spack/linux-centos7-skylake_avx512/gcc-11.1.0/gdbm-1.19-aermwohd4yp5ml4unyn3gucv5pjakp2o/lib:/gpfs/fs0/scratch/l/lcl_uotiscscc/lcl_uotiscsccs1034/spack/opt/spack/linux-centos7-skylake_avx512/gcc-11.1.0/readline-8.1-enlnwfe42bnof57izlh6lneftkwj4sui/lib:/gpfs/fs0/scratch/l/lcl_uotiscscc/lcl_uotiscsccs1034/spack/opt/spack/linux-centos7-skylake_avx512/gcc-11.1.0/berkeley-db-18.1.40-24apqk4gparujsdpzp4rqirkwepn2isk/lib:/gpfs/fs0/scratch/l/lcl_uotiscscc/lcl_uotiscsccs1034/spack/opt/spack/linux-centos7-skylake_avx512/gcc-11.1.0/pcre2-10.36-5wbmo7oxegol4wctyiztzjcyt2j4vya7/lib:/gpfs/fs0/scratch/l/lcl_uotiscscc/lcl_uotiscsccs1034/spack/opt/spack/linux-centos7-skylake_avx512/gcc-11.1.0/libedit-3.1-20210216-tpo4bk6bl7g4fjph4dwuyxsoop65jo6b/lib:/gpfs/fs0/scratch/l/lcl_uotiscscc/lcl_uotiscsccs1034/spack/opt/spack/linux-centos7-skylake_avx512/gcc-11.1.0/gettext-0.21-w66ui6xuwaxqldc2gturttmyqi4vkizm/lib:/gpfs/fs0/scratch/l/lcl_uotiscscc/lcl_uotiscsccs1034/spack/opt/spack/linux-centos7-skylake_avx512/gcc-11.1.0/ncurses-6.2-cvzdtkhwuuhhrhxy3fptswetlayt4a7z/lib:/gpfs/fs0/scratch/l/lcl_uotiscscc/lcl_uotiscsccs1034/spack/opt/spack/linux-centos7-skylake_avx512/gcc-11.1.0/libxml2-2.9.10-f6x3xrlahay7zz7rvnkxswd2fopo2xbl/lib:/gpfs/fs0/scratch/l/lcl_uotiscscc/lcl_uotiscsccs1034/spack/opt/spack/linux-centos7-skylake_avx512/gcc-11.1.0/xz-5.2.5-2pmv4o2uytqu5wnuevtm5rozuwqv7psg/lib:/gpfs/fs0/scratch/l/lcl_uotiscscc/lcl_uotiscsccs1034/spack/opt/spack/linux-centos7-skylake_avx512/gcc-11.1.0/bzip2-1.0.8-kfekfkzjxc6upcqdwsw4zcna2uh2rbpg/lib:/gpfs/fs0/scratch/l/lcl_uotiscscc/lcl_uotiscsccs1034/spack/opt/spack/linux-centos7-skylake_avx512/gcc-11.1.0/expat-2.3.0-dtulpwidarfy7brexo6y6too3jvrhyil/lib:/gpfs/fs0/scratch/l/lcl_uotiscscc/lcl_uotiscsccs1034/spack/opt/spack/linux-centos7-skylake_avx512/gcc-11.1.0/libbsd-0.11.3-dncrgld7mxxm4qwxb3hmkd6r4srn57tg/lib:/gpfs/fs0/scratch/l/lcl_uotiscscc/lcl_uotiscsccs1034/spack/opt/spack/linux-centos7-skylake_avx512/gcc-11.1.0/libmd-1.0.3-vuvjecmvron2tz6te46yssfco4owtkb5/lib:/gpfs/fs0/scratch/l/lcl_uotiscscc/lcl_uotiscsccs1034/spack/opt/spack/linux-centos7-skylake_avx512/gcc-11.1.0/curl-7.76.1-ayixrof43u7vxwimor2zkb7rgq67wdxg/lib:/gpfs/fs0/scratch/l/lcl_uotiscscc/lcl_uotiscsccs1034/spack/opt/spack/linux-centos7-skylake_avx512/gcc-11.1.0/openssl-1.1.1k-byzplam6g7jy55h5qwfs67wmuugqzty6/lib:/gpfs/fs0/scratch/l/lcl_uotiscscc/lcl_uotiscsccs1034/spack/opt/spack/linux-centos7-skylake_avx512/gcc-11.1.0/zlib-1.2.11-tdy4ms7e6m5yuqgljhwxrlw524zubo4y/lib:/gpfs/fs0/scratch/l/lcl_uotiscscc/lcl_uotiscsccs1034/spack/opt/spack/linux-centos7-skylake_avx512/gcc-11.1.0/libidn2-2.3.0-c2uccgfxp766voqwhqaun6lb7h2z754s/lib:/gpfs/fs0/scratch/l/lcl_uotiscscc/lcl_uotiscsccs1034/spack/opt/spack/linux-centos7-skylake_avx512/gcc-11.1.0/libunistring-0.9.10-65es6jmkpz63vki7ituaz3iqkssyeyrp/lib:/gpfs/fs0/scratch/l/lcl_uotiscscc/lcl_uotiscsccs1034/spack/opt/spack/linux-centos7-skylake_avx512/gcc-11.1.0/libiconv-1.16-zgps2bxcenz2rvgjafrqjs3pw5zzxiku/lib:/home/l/lcl_uotiscscc/lcl_uotiscsccs1034/usr/netcdf/lib:/home/l/lcl_uotiscscc/lcl_uotiscsccs1034/usr/hdf5/lib:/home/l/lcl_uotiscscc/lcl_uotiscsccs1034/gpaw/openblas/lib:/opt/slurm/lib64:/scinet/niagara/software/2019b/core/lib64
SLURM_NTASKS=160
SCANCEL_VERBOSE=T
LMOD_FAMILY_MPI_VERSION=4.0.1
_CE_CONDA=
SPACK_LOADED_HASHES=hejxfovvppsptcrwfd4w4quudi7353ch:cpha2efrgjc6kdocypazpnhmefvxnwdx:aermwohd4yp5ml4unyn3gucv5pjakp2o:enlnwfe42bnof57izlh6lneftkwj4sui:24apqk4gparujsdpzp4rqirkwepn2isk:5wbmo7oxegol4wctyiztzjcyt2j4vya7:ptypzvbcsi3rqhgvmsunfsirbegg5mnl:tpo4bk6bl7g4fjph4dwuyxsoop65jo6b:w66ui6xuwaxqldc2gturttmyqi4vkizm:dg5mcrd2cyfx2rwjizcst3xwltjwgnci:cvzdtkhwuuhhrhxy3fptswetlayt4a7z:f6x3xrlahay7zz7rvnkxswd2fopo2xbl:2pmv4o2uytqu5wnuevtm5rozuwqv7psg:kfekfkzjxc6upcqdwsw4zcna2uh2rbpg:dtulpwidarfy7brexo6y6too3jvrhyil:dncrgld7mxxm4qwxb3hmkd6r4srn57tg:vuvjecmvron2tz6te46yssfco4owtkb5:ayixrof43u7vxwimor2zkb7rgq67wdxg:byzplam6g7jy55h5qwfs67wmuugqzty6:tdy4ms7e6m5yuqgljhwxrlw524zubo4y:c2uccgfxp766voqwhqaun6lb7h2z754s:65es6jmkpz63vki7ituaz3iqkssyeyrp:zgps2bxcenz2rvgjafrqjs3pw5zzxiku:hejxfovvppsptcrwfd4w4quudi7353ch:cpha2efrgjc6kdocypazpnhmefvxnwdx:aermwohd4yp5ml4unyn3gucv5pjakp2o:enlnwfe42bnof57izlh6lneftkwj4sui:24apqk4gparujsdpzp4rqirkwepn2isk:5wbmo7oxegol4wctyiztzjcyt2j4vya7:ptypzvbcsi3rqhgvmsunfsirbegg5mnl:tpo4bk6bl7g4fjph4dwuyxsoop65jo6b:w66ui6xuwaxqldc2gturttmyqi4vkizm:dg5mcrd2cyfx2rwjizcst3xwltjwgnci:cvzdtkhwuuhhrhxy3fptswetlayt4a7z:f6x3xrlahay7zz7rvnkxswd2fopo2xbl:2pmv4o2uytqu5wnuevtm5rozuwqv7psg:kfekfkzjxc6upcqdwsw4zcna2uh2rbpg:dtulpwidarfy7brexo6y6too3jvrhyil:dncrgld7mxxm4qwxb3hmkd6r4srn57tg:vuvjecmvron2tz6te46yssfco4owtkb5:ayixrof43u7vxwimor2zkb7rgq67wdxg:byzplam6g7jy55h5qwfs67wmuugqzty6:tdy4ms7e6m5yuqgljhwxrlw524zubo4y:c2uccgfxp766voqwhqaun6lb7h2z754s:65es6jmkpz63vki7ituaz3iqkssyeyrp:zgps2bxcenz2rvgjafrqjs3pw5zzxiku
NLSPATH=/scinet/intel/2019u4/compilers_and_libraries_2019.4.243/linux/compiler/lib/intel64/locale/%l_%t/%N:/scinet/intel/2019u4/compilers_and_libraries_2019.4.243/linux/mkl/lib/intel64_lin/locale/%l_%t/%N:/scinet/intel/2019u4/debugger_2019/gdb/intel64/share/locale/%l_%t/%N
SACCT_FORMAT=JobID%12,User,Account%15,AllocNodes%10,Start,End,Elapsed,AllocTRES%30,CPUTime,NodeList,ExitCode,State%11
spack=/home/l/lcl_uotiscscc/lcl_uotiscsccs1034/scratch/spack
__LMOD_REF_COUNT_NLSPATH=/scinet/intel/2019u4/compilers_and_libraries_2019.4.243/linux/compiler/lib/intel64/locale/%l_%t/%N:1;/scinet/intel/2019u4/compilers_and_libraries_2019.4.243/linux/mkl/lib/intel64_lin/locale/%l_%t/%N:1;/scinet/intel/2019u4/debugger_2019/gdb/intel64/share/locale/%l_%t/%N:1
SLURM_TASKS_PER_NODE=40(x4)
PATH=/home/l/lcl_uotiscscc/lcl_uotiscsccs1034/scratch/nonspack/netcdf/bin:/home/l/lcl_uotiscscc/lcl_uotiscsccs1034/scratch/nonspack/hdf5/bin:/scinet/niagara/software/2019b/opt/intel-2019u4/openmpi/4.0.1-hpcx2.5/bin:/scinet/intel/2019u4/compilers_and_libraries_2019.4.243/linux/bin/intel64:/scinet/intel/2019u4/debugger_2019/gdb/intel64/bin:/scinet/niagara/software/2019b/core/bin:/gpfs/fs0/scratch/l/lcl_uotiscscc/lcl_uotiscsccs1034/spack/opt/spack/linux-centos7-skylake_avx512/gcc-11.1.0/git-2.31.1-hejxfovvppsptcrwfd4w4quudi7353ch/bin:/gpfs/fs0/scratch/l/lcl_uotiscscc/lcl_uotiscsccs1034/spack/opt/spack/linux-centos7-skylake_avx512/gcc-11.1.0/perl-5.32.1-cpha2efrgjc6kdocypazpnhmefvxnwdx/bin:/gpfs/fs0/scratch/l/lcl_uotiscscc/lcl_uotiscsccs1034/spack/opt/spack/linux-centos7-skylake_avx512/gcc-11.1.0/gdbm-1.19-aermwohd4yp5ml4unyn3gucv5pjakp2o/bin:/gpfs/fs0/scratch/l/lcl_uotiscscc/lcl_uotiscsccs1034/spack/opt/spack/linux-centos7-skylake_avx512/gcc-11.1.0/readline-8.1-enlnwfe42bnof57izlh6lneftkwj4sui/bin:/gpfs/fs0/scratch/l/lcl_uotiscscc/lcl_uotiscsccs1034/spack/opt/spack/linux-centos7-skylake_avx512/gcc-11.1.0/berkeley-db-18.1.40-24apqk4gparujsdpzp4rqirkwepn2isk/bin:/gpfs/fs0/scratch/l/lcl_uotiscscc/lcl_uotiscsccs1034/spack/opt/spack/linux-centos7-skylake_avx512/gcc-11.1.0/pcre2-10.36-5wbmo7oxegol4wctyiztzjcyt2j4vya7/bin:/gpfs/fs0/scratch/l/lcl_uotiscscc/lcl_uotiscsccs1034/spack/opt/spack/linux-centos7-skylake_avx512/gcc-11.1.0/openssh-8.5p1-ptypzvbcsi3rqhgvmsunfsirbegg5mnl/bin:/gpfs/fs0/scratch/l/lcl_uotiscscc/lcl_uotiscsccs1034/spack/opt/spack/linux-centos7-skylake_avx512/gcc-11.1.0/gettext-0.21-w66ui6xuwaxqldc2gturttmyqi4vkizm/bin:/gpfs/fs0/scratch/l/lcl_uotiscscc/lcl_uotiscsccs1034/spack/opt/spack/linux-centos7-skylake_avx512/gcc-11.1.0/tar-1.34-dg5mcrd2cyfx2rwjizcst3xwltjwgnci/bin:/gpfs/fs0/scratch/l/lcl_uotiscscc/lcl_uotiscsccs1034/spack/opt/spack/linux-centos7-skylake_avx512/gcc-11.1.0/ncurses-6.2-cvzdtkhwuuhhrhxy3fptswetlayt4a7z/bin:/gpfs/fs0/scratch/l/lcl_uotiscscc/lcl_uotiscsccs1034/spack/opt/spack/linux-centos7-skylake_avx512/gcc-11.1.0/libxml2-2.9.10-f6x3xrlahay7zz7rvnkxswd2fopo2xbl/bin:/gpfs/fs0/scratch/l/lcl_uotiscscc/lcl_uotiscsccs1034/spack/opt/spack/linux-centos7-skylake_avx512/gcc-11.1.0/xz-5.2.5-2pmv4o2uytqu5wnuevtm5rozuwqv7psg/bin:/gpfs/fs0/scratch/l/lcl_uotiscscc/lcl_uotiscsccs1034/spack/opt/spack/linux-centos7-skylake_avx512/gcc-11.1.0/bzip2-1.0.8-kfekfkzjxc6upcqdwsw4zcna2uh2rbpg/bin:/gpfs/fs0/scratch/l/lcl_uotiscscc/lcl_uotiscsccs1034/spack/opt/spack/linux-centos7-skylake_avx512/gcc-11.1.0/expat-2.3.0-dtulpwidarfy7brexo6y6too3jvrhyil/bin:/gpfs/fs0/scratch/l/lcl_uotiscscc/lcl_uotiscsccs1034/spack/opt/spack/linux-centos7-skylake_avx512/gcc-11.1.0/curl-7.76.1-ayixrof43u7vxwimor2zkb7rgq67wdxg/bin:/gpfs/fs0/scratch/l/lcl_uotiscscc/lcl_uotiscsccs1034/spack/opt/spack/linux-centos7-skylake_avx512/gcc-11.1.0/openssl-1.1.1k-byzplam6g7jy55h5qwfs67wmuugqzty6/bin:/gpfs/fs0/scratch/l/lcl_uotiscscc/lcl_uotiscsccs1034/spack/opt/spack/linux-centos7-skylake_avx512/gcc-11.1.0/libidn2-2.3.0-c2uccgfxp766voqwhqaun6lb7h2z754s/bin:/gpfs/fs0/scratch/l/lcl_uotiscscc/lcl_uotiscsccs1034/spack/opt/spack/linux-centos7-skylake_avx512/gcc-11.1.0/libiconv-1.16-zgps2bxcenz2rvgjafrqjs3pw5zzxiku/bin:/home/l/lcl_uotiscscc/lcl_uotiscsccs1034/scratch/nonspack/gitlfs:/home/l/lcl_uotiscscc/lcl_uotiscsccs1034/usr/netcdf/bin:/home/l/lcl_uotiscscc/lcl_uotiscsccs1034/usr/hdf5/bin:/home/l/lcl_uotiscscc/lcl_uotiscsccs1034/.cargo/bin:/home/l/lcl_uotiscscc/lcl_uotiscsccs1034/anaconda3/bin:/home/l/lcl_uotiscscc/lcl_uotiscsccs1034/anaconda3/condabin:/gpfs/fs0/scratch/l/lcl_uotiscscc/lcl_uotiscsccs1034/spack/bin:/opt/slurm/bin:/usr/local/bin:/bin:/usr/bin:/usr/local/sbin:/usr/sbin:/scinet/niagara/bin:/usr/lpp/mmfs/bin:/home/l/lcl_uotiscscc/lcl_uotiscsccs1034/.fzf/bin
MAIL=/var/spool/mail/lcl_uotiscsccs1034
_ModuleTable001_=X01vZHVsZVRhYmxlXz17WyJNVHZlcnNpb24iXT0zLFsiY19yZWJ1aWxkVGltZSJdPWZhbHNlLFsiY19zaG9ydFRpbWUiXT1mYWxzZSxkZXB0aFQ9e30sZmFtaWx5PXtbImNvbXBpbGVyIl09ImludGVsIixbImVudiJdPSJOaWFFbnYiLFsibXBpIl09Im9wZW5tcGkiLH0sbVQ9e05pYUVudj17WyJmbiJdPSIvc2NpbmV0L25pYWdhcmEvc3RhY2tzL05pYUVudi8yMDE5Yi5sdWEiLFsiZnVsbE5hbWUiXT0iTmlhRW52LzIwMTliIixbImxvYWRPcmRlciJdPTEscHJvcFQ9e2xtb2Q9e1sic3RpY2t5Il09MSx9LH0sWyJzdGFja0RlcHRoIl09MCxbInN0YXR1cyJdPSJhY3RpdmUiLFsidXNlck5hbWUiXT0iTmlhRW52LzIwMTliIix9LGludGVsPXtbImZuIl09Ii9zY2luZXQvbmlhZ2Fy
SLURM_WORKING_CLUSTER=niagara:10.20.206.10:6817:8960:102
RSNT_INTERCONNECT=infiniband
SLURM_CONF=/opt/slurm/etc/slurm.conf
__LMOD_STACK_F90=bXBpZjkw:bXBpZjkw
SLURM_JOB_ID=5470522
TBBROOT=/scinet/intel/2019u4/compilers_and_libraries_2019.4.243/linux/tbb
CONDA_PREFIX=/home/l/lcl_uotiscscc/lcl_uotiscsccs1034/anaconda3
F90=mpif90
SLURM_JOB_USER=lcl_uotiscsccs1034
PWD=/gpfs/fs0/scratch/l/lcl_uotiscscc/lcl_uotiscsccs1034/code-challenge/collective_profiler/examples
_LMFILES_=/scinet/niagara/stacks/NiaEnv/2019b.lua:/scinet/niagara/software/2019b/modules/base/intel/2019u4:/scinet/niagara/software/2019b/modules/intel-2019u4/openmpi/4.0.1
SUPPRESS_BASHRC=1
HDF5=/home/l/lcl_uotiscscc/lcl_uotiscsccs1034/scratch/nonspack/hdf5
LANG=en_CA.UTF-8
MODULEPATH=/scinet/niagara/software/2019b/modules/intel-2019u4-openmpi-4.0.1:/scinet/niagara/software/2019b/modules/intel-2019u4:/scinet/niagara/software/2019b/modules/base:/gpfs/fs0/scratch/l/lcl_uotiscscc/lcl_uotiscsccs1034/spack/share/spack/modules/linux-centos7-skylake_avx512:/scinet/niagara/stacks
__LMOD_REF_COUNT_INFOPATH=/scinet/intel/2019u4/documentation_2019/en/debugger/gdb-ia/info:1
SLURM_JOB_UID=1911034
LOADEDMODULES=NiaEnv/2019b:intel/2019u4:openmpi/4.0.1
_ModuleTable_Sz_=3
SLURM_NODEID=0
F77=mpif77
SLURM_SUBMIT_DIR=/gpfs/fs0/scratch/l/lcl_uotiscscc/lcl_uotiscsccs1034/code-challenge/collective_profiler/examples
SLURM_TASK_PID=348584
SLURM_NPROCS=160
LMOD_CMD=/scinet/niagara/software/2019b/lmod/lmod/libexec/lmod
DAALROOT=/scinet/intel/2019u4/compilers_and_libraries_2019.4.243/linux/daal
SLURM_CPUS_ON_NODE=80
LMOD_AVAIL_STYLE=
SQUEUE_FORMAT=%.15i %.15u %.14a %.14j %.3t %.10L %P %.5D %.4C %N (%r)
CXX=mpicxx
SLURM_PROCID=0
ENVIRONMENT=BATCH
HISTCONTROL=ignoredups
BB_NODE_DIR=/bb/TMPDIR/slurm.nia1765/lcl_uotiscsccs1034.5470522
_CE_M=
__INTEL_PRE_FFLAGS=-gcc-name=core-gcc -gxx-name=core-g++
INTEL_PYTHONHOME=/scinet/intel/2019u4/debugger_2019/python/intel64
SLURM_JOB_NODELIST=nia[1765,1771,1972-1973]
HOME=/home/l/lcl_uotiscscc/lcl_uotiscsccs1034
SHLVL=2
SLURM_LOCALID=0
SLURM_GET_USER_ENV=1
__LMOD_REF_COUNT_PATH=/scinet/niagara/software/2019b/opt/intel-2019u4/openmpi/4.0.1-hpcx2.5/bin:1;/scinet/intel/2019u4/compilers_and_libraries_2019.4.243/linux/bin/intel64:1;/scinet/intel/2019u4/debugger_2019/gdb/intel64/bin:1;/scinet/niagara/software/2019b/core/bin:1;/gpfs/fs0/scratch/l/lcl_uotiscscc/lcl_uotiscsccs1034/spack/opt/spack/linux-centos7-skylake_avx512/gcc-11.1.0/git-2.31.1-hejxfovvppsptcrwfd4w4quudi7353ch/bin:2;/gpfs/fs0/scratch/l/lcl_uotiscscc/lcl_uotiscsccs1034/spack/opt/spack/linux-centos7-skylake_avx512/gcc-11.1.0/perl-5.32.1-cpha2efrgjc6kdocypazpnhmefvxnwdx/bin:2;/gpfs/fs0/scratch/l/lcl_uotiscscc/lcl_uotiscsccs1034/spack/opt/spack/linux-centos7-skylake_avx512/gcc-11.1.0/gdbm-1.19-aermwohd4yp5ml4unyn3gucv5pjakp2o/bin:2;/gpfs/fs0/scratch/l/lcl_uotiscscc/lcl_uotiscsccs1034/spack/opt/spack/linux-centos7-skylake_avx512/gcc-11.1.0/readline-8.1-enlnwfe42bnof57izlh6lneftkwj4sui/bin:2;/gpfs/fs0/scratch/l/lcl_uotiscscc/lcl_uotiscsccs1034/spack/opt/spack/linux-centos7-skylake_avx512/gcc-11.1.0/berkeley-db-18.1.40-24apqk4gparujsdpzp4rqirkwepn2isk/bin:2;/gpfs/fs0/scratch/l/lcl_uotiscscc/lcl_uotiscsccs1034/spack/opt/spack/linux-centos7-skylake_avx512/gcc-11.1.0/pcre2-10.36-5wbmo7oxegol4wctyiztzjcyt2j4vya7/bin:2;/gpfs/fs0/scratch/l/lcl_uotiscscc/lcl_uotiscsccs1034/spack/opt/spack/linux-centos7-skylake_avx512/gcc-11.1.0/openssh-8.5p1-ptypzvbcsi3rqhgvmsunfsirbegg5mnl/bin:2;/gpfs/fs0/scratch/l/lcl_uotiscscc/lcl_uotiscsccs1034/spack/opt/spack/linux-centos7-skylake_avx512/gcc-11.1.0/gettext-0.21-w66ui6xuwaxqldc2gturttmyqi4vkizm/bin:2;/gpfs/fs0/scratch/l/lcl_uotiscscc/lcl_uotiscsccs1034/spack/opt/spack/linux-centos7-skylake_avx512/gcc-11.1.0/tar-1.34-dg5mcrd2cyfx2rwjizcst3xwltjwgnci/bin:2;/gpfs/fs0/scratch/l/lcl_uotiscscc/lcl_uotiscsccs1034/spack/opt/spack/linux-centos7-skylake_avx512/gcc-11.1.0/ncurses-6.2-cvzdtkhwuuhhrhxy3fptswetlayt4a7z/bin:2;/gpfs/fs0/scratch/l/lcl_uotiscscc/lcl_uotiscsccs1034/spack/opt/spack/linux-centos7-skylake_avx512/gcc-11.1.0/libxml2-2.9.10-f6x3xrlahay7zz7rvnkxswd2fopo2xbl/bin:2;/gpfs/fs0/scratch/l/lcl_uotiscscc/lcl_uotiscsccs1034/spack/opt/spack/linux-centos7-skylake_avx512/gcc-11.1.0/xz-5.2.5-2pmv4o2uytqu5wnuevtm5rozuwqv7psg/bin:2;/gpfs/fs0/scratch/l/lcl_uotiscscc/lcl_uotiscsccs1034/spack/opt/spack/linux-centos7-skylake_avx512/gcc-11.1.0/bzip2-1.0.8-kfekfkzjxc6upcqdwsw4zcna2uh2rbpg/bin:2;/gpfs/fs0/scratch/l/lcl_uotiscscc/lcl_uotiscsccs1034/spack/opt/spack/linux-centos7-skylake_avx512/gcc-11.1.0/expat-2.3.0-dtulpwidarfy7brexo6y6too3jvrhyil/bin:2;/gpfs/fs0/scratch/l/lcl_uotiscscc/lcl_uotiscsccs1034/spack/opt/spack/linux-centos7-skylake_avx512/gcc-11.1.0/curl-7.76.1-ayixrof43u7vxwimor2zkb7rgq67wdxg/bin:2;/gpfs/fs0/scratch/l/lcl_uotiscscc/lcl_uotiscsccs1034/spack/opt/spack/linux-centos7-skylake_avx512/gcc-11.1.0/openssl-1.1.1k-byzplam6g7jy55h5qwfs67wmuugqzty6/bin:2;/gpfs/fs0/scratch/l/lcl_uotiscscc/lcl_uotiscsccs1034/spack/opt/spack/linux-centos7-skylake_avx512/gcc-11.1.0/libidn2-2.3.0-c2uccgfxp766voqwhqaun6lb7h2z754s/bin:2;/gpfs/fs0/scratch/l/lcl_uotiscscc/lcl_uotiscsccs1034/spack/opt/spack/linux-centos7-skylake_avx512/gcc-11.1.0/libiconv-1.16-zgps2bxcenz2rvgjafrqjs3pw5zzxiku/bin:2;/home/l/lcl_uotiscscc/lcl_uotiscsccs1034/scratch/nonspack/gitlfs:2;/home/l/lcl_uotiscscc/lcl_uotiscsccs1034/usr/netcdf/bin:2;/home/l/lcl_uotiscscc/lcl_uotiscsccs1034/usr/hdf5/bin:2;/home/l/lcl_uotiscscc/lcl_uotiscsccs1034/.cargo/bin:1;/home/l/lcl_uotiscscc/lcl_uotiscsccs1034/anaconda3/bin:1;/home/l/lcl_uotiscscc/lcl_uotiscsccs1034/anaconda3/condabin:1;/gpfs/fs0/scratch/l/lcl_uotiscscc/lcl_uotiscsccs1034/spack/bin:1;/opt/slurm/bin:1;/usr/local/bin:3;/bin:1;/usr/bin:3;/usr/local/sbin:1;/usr/sbin:1;/scinet/niagara/bin:1;/usr/lpp/mmfs/bin:1;/home/l/lcl_uotiscscc/lcl_uotiscsccs1034/.fzf/bin:1
__LMOD_REF_COUNT_CPATH=/scinet/niagara/software/2019b/opt/intel-2019u4/openmpi/4.0.1-hpcx2.5/include:1;/scinet/intel/2019u4/compilers_and_libraries_2019.4.243/linux/ipp/include:1;/scinet/intel/2019u4/compilers_and_libraries_2019.4.243/linux/mkl/include:1;/scinet/intel/2019u4/compilers_and_libraries_2019.4.243/linux/pstl/include:1;/scinet/intel/2019u4/compilers_and_libraries_2019.4.243/linux/tbb/include:1;/scinet/intel/2019u4/compilers_and_libraries_2019.4.243/linux/daal/include:1
SLURM_JOB_GID=1910004
SLURM_JOB_CPUS_PER_NODE=80(x4)
SLURM_CLUSTER_NAME=niagara
BBUFFER=/you.do.not.have.burst.buffer.space/
_ModuleTable002_=YS9zb2Z0d2FyZS8yMDE5Yi9tb2R1bGVzL2Jhc2UvaW50ZWwvMjAxOXU0IixbImZ1bGxOYW1lIl09ImludGVsLzIwMTl1NCIsWyJsb2FkT3JkZXIiXT0yLHByb3BUPXt9LFsic3RhY2tEZXB0aCJdPTAsWyJzdGF0dXMiXT0iYWN0aXZlIixbInVzZXJOYW1lIl09ImludGVsLzIwMTl1NCIsfSxvcGVubXBpPXtbImZuIl09Ii9zY2luZXQvbmlhZ2FyYS9zb2Z0d2FyZS8yMDE5Yi9tb2R1bGVzL2ludGVsLTIwMTl1NC9vcGVubXBpLzQuMC4xIixbImZ1bGxOYW1lIl09Im9wZW5tcGkvNC4wLjEiLFsibG9hZE9yZGVyIl09Myxwcm9wVD17fSxbInN0YWNrRGVwdGgiXT0wLFsic3RhdHVzIl09ImFjdGl2ZSIsWyJ1c2VyTmFtZSJdPSJvcGVubXBpLzQuMC4xIix9LH0sbXBhdGhBPXsiL3Nj
FC=mpifort
SLURM_GTIDS=0
SLURM_SUBMIT_HOST=nia-login06.scinet.local
SLURM_JOB_PARTITION=compute
BASH_ENV=/scinet/niagara/etc/profile.d/bashenv
NETCDF=/home/l/lcl_uotiscscc/lcl_uotiscsccs1034/scratch/nonspack/netcdf
LOGNAME=lcl_uotiscsccs1034
CONDA_PYTHON_EXE=/home/l/lcl_uotiscscc/lcl_uotiscsccs1034/anaconda3/bin/python
JOB_NOW=20210608-113142
SLURM_TMPDIR=/dev/shm/slurm.lcl_uotiscsccs1034.5470522
RESULTS_ROOT=/home/l/lcl_uotiscscc/lcl_uotiscsccs1034/scratch/code-challenge/collective_profiler//examples/results_task2_wrf/run-at-20210608-113142
CLASSPATH=/scinet/intel/2019u4/compilers_and_libraries_2019.4.243/linux/daal/lib/daal.jar
SLURM_JOB_ACCOUNT=lcl-uotiscsccs1034
__LMOD_REF_COUNT_LIBRARY_PATH=/scinet/niagara/software/2019b/opt/intel-2019u4/openmpi/4.0.1-hpcx2.5/lib:1;/scinet/intel/2019u4/compilers_and_libraries_2019.4.243/linux/ipp/lib/intel64:1;/scinet/intel/2019u4/compilers_and_libraries_2019.4.243/linux/compiler/lib/intel64_lin:1;/scinet/intel/2019u4/compilers_and_libraries_2019.4.243/linux/mkl/lib/intel64_lin:1;/scinet/intel/2019u4/compilers_and_libraries_2019.4.243/linux/tbb/lib/intel64/gcc4.1:1;/scinet/intel/2019u4/compilers_and_libraries_2019.4.243/linux/daal/lib/intel64_lin:1;/scinet/intel/2019u4/compilers_and_libraries_2019.4.243/linux/tbb/lib/intel64_lin/gcc4.4:1
SLURM_JOB_NUM_NODES=4
CLUSTER=niagara
MODULESHOME=/scinet/niagara/software/2019b/lmod/lmod
LMOD_RC=/scinet/niagara/etc/lmodrc.lua
LMOD_SETTARG_FULL_SUPPORT=no
__LMOD_REF_COUNT_LD_LIBRARY_PATH=/scinet/niagara/software/2019b/opt/intel-2019u4/openmpi/4.0.1-hpcx2.5/lib:1;/scinet/intel/2019u4/compilers_and_libraries_2019.4.243/linux/compiler/lib/intel64_lin:2;/scinet/intel/2019u4/compilers_and_libraries_2019.4.243/linux/ipp/lib/intel64:1;/scinet/intel/2019u4/compilers_and_libraries_2019.4.243/linux/mkl/lib/intel64_lin:1;/scinet/intel/2019u4/compilers_and_libraries_2019.4.243/linux/tbb/lib/intel64/gcc4.1:1;/scinet/intel/2019u4/debugger_2019/libipt/intel64/lib:1;/scinet/intel/2019u4/compilers_and_libraries_2019.4.243/linux/daal/lib/intel64_lin:1;/scinet/intel/2019u4/compilers_and_libraries_2019.4.243/linux/tbb/lib/intel64_lin/gcc4.4:1;/scinet/niagara/software/2019b/core/lib64:1;/gpfs/fs0/scratch/l/lcl_uotiscscc/lcl_uotiscsccs1034/spack/opt/spack/linux-centos7-skylake_avx512/gcc-11.1.0/perl-5.32.1-cpha2efrgjc6kdocypazpnhmefvxnwdx/lib:2;/gpfs/fs0/scratch/l/lcl_uotiscscc/lcl_uotiscsccs1034/spack/opt/spack/linux-centos7-skylake_avx512/gcc-11.1.0/gdbm-1.19-aermwohd4yp5ml4unyn3gucv5pjakp2o/lib:2;/gpfs/fs0/scratch/l/lcl_uotiscscc/lcl_uotiscsccs1034/spack/opt/spack/linux-centos7-skylake_avx512/gcc-11.1.0/readline-8.1-enlnwfe42bnof57izlh6lneftkwj4sui/lib:2;/gpfs/fs0/scratch/l/lcl_uotiscscc/lcl_uotiscsccs1034/spack/opt/spack/linux-centos7-skylake_avx512/gcc-11.1.0/berkeley-db-18.1.40-24apqk4gparujsdpzp4rqirkwepn2isk/lib:2;/gpfs/fs0/scratch/l/lcl_uotiscscc/lcl_uotiscsccs1034/spack/opt/spack/linux-centos7-skylake_avx512/gcc-11.1.0/pcre2-10.36-5wbmo7oxegol4wctyiztzjcyt2j4vya7/lib:2;/gpfs/fs0/scratch/l/lcl_uotiscscc/lcl_uotiscsccs1034/spack/opt/spack/linux-centos7-skylake_avx512/gcc-11.1.0/libedit-3.1-20210216-tpo4bk6bl7g4fjph4dwuyxsoop65jo6b/lib:2;/gpfs/fs0/scratch/l/lcl_uotiscscc/lcl_uotiscsccs1034/spack/opt/spack/linux-centos7-skylake_avx512/gcc-11.1.0/gettext-0.21-w66ui6xuwaxqldc2gturttmyqi4vkizm/lib:2;/gpfs/fs0/scratch/l/lcl_uotiscscc/lcl_uotiscsccs1034/spack/opt/spack/linux-centos7-skylake_avx512/gcc-11.1.0/ncurses-6.2-cvzdtkhwuuhhrhxy3fptswetlayt4a7z/lib:2;/gpfs/fs0/scratch/l/lcl_uotiscscc/lcl_uotiscsccs1034/spack/opt/spack/linux-centos7-skylake_avx512/gcc-11.1.0/libxml2-2.9.10-f6x3xrlahay7zz7rvnkxswd2fopo2xbl/lib:2;/gpfs/fs0/scratch/l/lcl_uotiscscc/lcl_uotiscsccs1034/spack/opt/spack/linux-centos7-skylake_avx512/gcc-11.1.0/xz-5.2.5-2pmv4o2uytqu5wnuevtm5rozuwqv7psg/lib:2;/gpfs/fs0/scratch/l/lcl_uotiscscc/lcl_uotiscsccs1034/spack/opt/spack/linux-centos7-skylake_avx512/gcc-11.1.0/bzip2-1.0.8-kfekfkzjxc6upcqdwsw4zcna2uh2rbpg/lib:2;/gpfs/fs0/scratch/l/lcl_uotiscscc/lcl_uotiscsccs1034/spack/opt/spack/linux-centos7-skylake_avx512/gcc-11.1.0/expat-2.3.0-dtulpwidarfy7brexo6y6too3jvrhyil/lib:2;/gpfs/fs0/scratch/l/lcl_uotiscscc/lcl_uotiscsccs1034/spack/opt/spack/linux-centos7-skylake_avx512/gcc-11.1.0/libbsd-0.11.3-dncrgld7mxxm4qwxb3hmkd6r4srn57tg/lib:2;/gpfs/fs0/scratch/l/lcl_uotiscscc/lcl_uotiscsccs1034/spack/opt/spack/linux-centos7-skylake_avx512/gcc-11.1.0/libmd-1.0.3-vuvjecmvron2tz6te46yssfco4owtkb5/lib:2;/gpfs/fs0/scratch/l/lcl_uotiscscc/lcl_uotiscsccs1034/spack/opt/spack/linux-centos7-skylake_avx512/gcc-11.1.0/curl-7.76.1-ayixrof43u7vxwimor2zkb7rgq67wdxg/lib:2;/gpfs/fs0/scratch/l/lcl_uotiscscc/lcl_uotiscsccs1034/spack/opt/spack/linux-centos7-skylake_avx512/gcc-11.1.0/openssl-1.1.1k-byzplam6g7jy55h5qwfs67wmuugqzty6/lib:2;/gpfs/fs0/scratch/l/lcl_uotiscscc/lcl_uotiscsccs1034/spack/opt/spack/linux-centos7-skylake_avx512/gcc-11.1.0/zlib-1.2.11-tdy4ms7e6m5yuqgljhwxrlw524zubo4y/lib:2;/gpfs/fs0/scratch/l/lcl_uotiscscc/lcl_uotiscsccs1034/spack/opt/spack/linux-centos7-skylake_avx512/gcc-11.1.0/libidn2-2.3.0-c2uccgfxp766voqwhqaun6lb7h2z754s/lib:2;/gpfs/fs0/scratch/l/lcl_uotiscscc/lcl_uotiscsccs1034/spack/opt/spack/linux-centos7-skylake_avx512/gcc-11.1.0/libunistring-0.9.10-65es6jmkpz63vki7ituaz3iqkssyeyrp/lib:2;/gpfs/fs0/scratch/l/lcl_uotiscscc/lcl_uotiscsccs1034/spack/opt/spack/linux-centos7-skylake_avx512/gcc-11.1.0/libiconv-1.16-zgps2bxcenz2rvgjafrqjs3pw5zzxiku/lib:2;/home/l/lcl_uotiscscc/lcl_uotiscsccs1034/usr/netcdf/lib:2;/home/l/lcl_uotiscscc/lcl_uotiscsccs1034/usr/hdf5/lib:2;/home/l/lcl_uotiscscc/lcl_uotiscsccs1034/gpaw/openblas/lib:2;/opt/slurm/lib64:1
LESSOPEN=||/usr/bin/lesspipe.sh %s
CONDA_DEFAULT_ENV=base
PKG_CONFIG_PATH=/scinet/niagara/software/2019b/opt/intel-2019u4/openmpi/4.0.1-hpcx2.5/lib/pkgconfig:/scinet/intel/2019u4/compilers_and_libraries_2019.4.243/linux/mkl/bin/pkgconfig:/gpfs/fs0/scratch/l/lcl_uotiscscc/lcl_uotiscsccs1034/spack/opt/spack/linux-centos7-skylake_avx512/gcc-11.1.0/readline-8.1-enlnwfe42bnof57izlh6lneftkwj4sui/lib/pkgconfig:/gpfs/fs0/scratch/l/lcl_uotiscscc/lcl_uotiscsccs1034/spack/opt/spack/linux-centos7-skylake_avx512/gcc-11.1.0/pcre2-10.36-5wbmo7oxegol4wctyiztzjcyt2j4vya7/lib/pkgconfig:/gpfs/fs0/scratch/l/lcl_uotiscscc/lcl_uotiscsccs1034/spack/opt/spack/linux-centos7-skylake_avx512/gcc-11.1.0/libedit-3.1-20210216-tpo4bk6bl7g4fjph4dwuyxsoop65jo6b/lib/pkgconfig:/gpfs/fs0/scratch/l/lcl_uotiscscc/lcl_uotiscsccs1034/spack/opt/spack/linux-centos7-skylake_avx512/gcc-11.1.0/ncurses-6.2-cvzdtkhwuuhhrhxy3fptswetlayt4a7z/lib/pkgconfig:/gpfs/fs0/scratch/l/lcl_uotiscscc/lcl_uotiscsccs1034/spack/opt/spack/linux-centos7-skylake_avx512/gcc-11.1.0/libxml2-2.9.10-f6x3xrlahay7zz7rvnkxswd2fopo2xbl/lib/pkgconfig:/gpfs/fs0/scratch/l/lcl_uotiscscc/lcl_uotiscsccs1034/spack/opt/spack/linux-centos7-skylake_avx512/gcc-11.1.0/xz-5.2.5-2pmv4o2uytqu5wnuevtm5rozuwqv7psg/lib/pkgconfig:/gpfs/fs0/scratch/l/lcl_uotiscscc/lcl_uotiscsccs1034/spack/opt/spack/linux-centos7-skylake_avx512/gcc-11.1.0/expat-2.3.0-dtulpwidarfy7brexo6y6too3jvrhyil/lib/pkgconfig:/gpfs/fs0/scratch/l/lcl_uotiscscc/lcl_uotiscsccs1034/spack/opt/spack/linux-centos7-skylake_avx512/gcc-11.1.0/libbsd-0.11.3-dncrgld7mxxm4qwxb3hmkd6r4srn57tg/lib/pkgconfig:/gpfs/fs0/scratch/l/lcl_uotiscscc/lcl_uotiscsccs1034/spack/opt/spack/linux-centos7-skylake_avx512/gcc-11.1.0/libmd-1.0.3-vuvjecmvron2tz6te46yssfco4owtkb5/lib/pkgconfig:/gpfs/fs0/scratch/l/lcl_uotiscscc/lcl_uotiscsccs1034/spack/opt/spack/linux-centos7-skylake_avx512/gcc-11.1.0/curl-7.76.1-ayixrof43u7vxwimor2zkb7rgq67wdxg/lib/pkgconfig:/gpfs/fs0/scratch/l/lcl_uotiscscc/lcl_uotiscsccs1034/spack/opt/spack/linux-centos7-skylake_avx512/gcc-11.1.0/openssl-1.1.1k-byzplam6g7jy55h5qwfs67wmuugqzty6/lib/pkgconfig:/gpfs/fs0/scratch/l/lcl_uotiscscc/lcl_uotiscsccs1034/spack/opt/spack/linux-centos7-skylake_avx512/gcc-11.1.0/zlib-1.2.11-tdy4ms7e6m5yuqgljhwxrlw524zubo4y/lib/pkgconfig:/gpfs/fs0/scratch/l/lcl_uotiscscc/lcl_uotiscsccs1034/spack/opt/spack/linux-centos7-skylake_avx512/gcc-11.1.0/libidn2-2.3.0-c2uccgfxp766voqwhqaun6lb7h2z754s/lib/pkgconfig
ARCH=x86_64
LMOD_FAMILY_COMPILER=intel
INFOPATH=/scinet/intel/2019u4/documentation_2019/en/debugger/gdb-ia/info
CC_CLUSTER=niagara
SPACK_PYTHON=/bin/python
ACLOCAL_PATH=/gpfs/fs0/scratch/l/lcl_uotiscscc/lcl_uotiscsccs1034/spack/opt/spack/linux-centos7-skylake_avx512/gcc-11.1.0/gettext-0.21-w66ui6xuwaxqldc2gturttmyqi4vkizm/share/aclocal:/gpfs/fs0/scratch/l/lcl_uotiscscc/lcl_uotiscsccs1034/spack/opt/spack/linux-centos7-skylake_avx512/gcc-11.1.0/libxml2-2.9.10-f6x3xrlahay7zz7rvnkxswd2fopo2xbl/share/aclocal:/gpfs/fs0/scratch/l/lcl_uotiscscc/lcl_uotiscsccs1034/spack/opt/spack/linux-centos7-skylake_avx512/gcc-11.1.0/curl-7.76.1-ayixrof43u7vxwimor2zkb7rgq67wdxg/share/aclocal:/gpfs/fs0/scratch/l/lcl_uotiscscc/lcl_uotiscsccs1034/spack/opt/spack/linux-centos7-skylake_avx512/gcc-11.1.0/gettext-0.21-w66ui6xuwaxqldc2gturttmyqi4vkizm/share/aclocal:/gpfs/fs0/scratch/l/lcl_uotiscscc/lcl_uotiscsccs1034/spack/opt/spack/linux-centos7-skylake_avx512/gcc-11.1.0/libxml2-2.9.10-f6x3xrlahay7zz7rvnkxswd2fopo2xbl/share/aclocal:/gpfs/fs0/scratch/l/lcl_uotiscscc/lcl_uotiscsccs1034/spack/opt/spack/linux-centos7-skylake_avx512/gcc-11.1.0/curl-7.76.1-ayixrof43u7vxwimor2zkb7rgq67wdxg/share/aclocal
__LMOD_REF_COUNT_PKG_CONFIG_PATH=/scinet/niagara/software/2019b/opt/intel-2019u4/openmpi/4.0.1-hpcx2.5/lib/pkgconfig:1;/scinet/intel/2019u4/compilers_and_libraries_2019.4.243/linux/mkl/bin/pkgconfig:1;/gpfs/fs0/scratch/l/lcl_uotiscscc/lcl_uotiscsccs1034/spack/opt/spack/linux-centos7-skylake_avx512/gcc-11.1.0/readline-8.1-enlnwfe42bnof57izlh6lneftkwj4sui/lib/pkgconfig:2;/gpfs/fs0/scratch/l/lcl_uotiscscc/lcl_uotiscsccs1034/spack/opt/spack/linux-centos7-skylake_avx512/gcc-11.1.0/pcre2-10.36-5wbmo7oxegol4wctyiztzjcyt2j4vya7/lib/pkgconfig:2;/gpfs/fs0/scratch/l/lcl_uotiscscc/lcl_uotiscsccs1034/spack/opt/spack/linux-centos7-skylake_avx512/gcc-11.1.0/libedit-3.1-20210216-tpo4bk6bl7g4fjph4dwuyxsoop65jo6b/lib/pkgconfig:2;/gpfs/fs0/scratch/l/lcl_uotiscscc/lcl_uotiscsccs1034/spack/opt/spack/linux-centos7-skylake_avx512/gcc-11.1.0/ncurses-6.2-cvzdtkhwuuhhrhxy3fptswetlayt4a7z/lib/pkgconfig:2;/gpfs/fs0/scratch/l/lcl_uotiscscc/lcl_uotiscsccs1034/spack/opt/spack/linux-centos7-skylake_avx512/gcc-11.1.0/libxml2-2.9.10-f6x3xrlahay7zz7rvnkxswd2fopo2xbl/lib/pkgconfig:2;/gpfs/fs0/scratch/l/lcl_uotiscscc/lcl_uotiscsccs1034/spack/opt/spack/linux-centos7-skylake_avx512/gcc-11.1.0/xz-5.2.5-2pmv4o2uytqu5wnuevtm5rozuwqv7psg/lib/pkgconfig:2;/gpfs/fs0/scratch/l/lcl_uotiscscc/lcl_uotiscsccs1034/spack/opt/spack/linux-centos7-skylake_avx512/gcc-11.1.0/expat-2.3.0-dtulpwidarfy7brexo6y6too3jvrhyil/lib/pkgconfig:2;/gpfs/fs0/scratch/l/lcl_uotiscscc/lcl_uotiscsccs1034/spack/opt/spack/linux-centos7-skylake_avx512/gcc-11.1.0/libbsd-0.11.3-dncrgld7mxxm4qwxb3hmkd6r4srn57tg/lib/pkgconfig:2;/gpfs/fs0/scratch/l/lcl_uotiscscc/lcl_uotiscsccs1034/spack/opt/spack/linux-centos7-skylake_avx512/gcc-11.1.0/libmd-1.0.3-vuvjecmvron2tz6te46yssfco4owtkb5/lib/pkgconfig:2;/gpfs/fs0/scratch/l/lcl_uotiscscc/lcl_uotiscsccs1034/spack/opt/spack/linux-centos7-skylake_avx512/gcc-11.1.0/curl-7.76.1-ayixrof43u7vxwimor2zkb7rgq67wdxg/lib/pkgconfig:2;/gpfs/fs0/scratch/l/lcl_uotiscscc/lcl_uotiscsccs1034/spack/opt/spack/linux-centos7-skylake_avx512/gcc-11.1.0/openssl-1.1.1k-byzplam6g7jy55h5qwfs67wmuugqzty6/lib/pkgconfig:2;/gpfs/fs0/scratch/l/lcl_uotiscscc/lcl_uotiscsccs1034/spack/opt/spack/linux-centos7-skylake_avx512/gcc-11.1.0/zlib-1.2.11-tdy4ms7e6m5yuqgljhwxrlw524zubo4y/lib/pkgconfig:2;/gpfs/fs0/scratch/l/lcl_uotiscscc/lcl_uotiscsccs1034/spack/opt/spack/linux-centos7-skylake_avx512/gcc-11.1.0/libidn2-2.3.0-c2uccgfxp766voqwhqaun6lb7h2z754s/lib/pkgconfig:2
CC=mpicc
CMAKE_PREFIX_PATH=/scinet/niagara/software/2019b/opt/intel-2019u4/openmpi/4.0.1-hpcx2.5:/gpfs/fs0/scratch/l/lcl_uotiscscc/lcl_uotiscsccs1034/spack/opt/spack/linux-centos7-skylake_avx512/gcc-11.1.0/git-2.31.1-hejxfovvppsptcrwfd4w4quudi7353ch:/gpfs/fs0/scratch/l/lcl_uotiscscc/lcl_uotiscsccs1034/spack/opt/spack/linux-centos7-skylake_avx512/gcc-11.1.0/perl-5.32.1-cpha2efrgjc6kdocypazpnhmefvxnwdx:/gpfs/fs0/scratch/l/lcl_uotiscscc/lcl_uotiscsccs1034/spack/opt/spack/linux-centos7-skylake_avx512/gcc-11.1.0/gdbm-1.19-aermwohd4yp5ml4unyn3gucv5pjakp2o:/gpfs/fs0/scratch/l/lcl_uotiscscc/lcl_uotiscsccs1034/spack/opt/spack/linux-centos7-skylake_avx512/gcc-11.1.0/readline-8.1-enlnwfe42bnof57izlh6lneftkwj4sui:/gpfs/fs0/scratch/l/lcl_uotiscscc/lcl_uotiscsccs1034/spack/opt/spack/linux-centos7-skylake_avx512/gcc-11.1.0/berkeley-db-18.1.40-24apqk4gparujsdpzp4rqirkwepn2isk:/gpfs/fs0/scratch/l/lcl_uotiscscc/lcl_uotiscsccs1034/spack/opt/spack/linux-centos7-skylake_avx512/gcc-11.1.0/pcre2-10.36-5wbmo7oxegol4wctyiztzjcyt2j4vya7:/gpfs/fs0/scratch/l/lcl_uotiscscc/lcl_uotiscsccs1034/spack/opt/spack/linux-centos7-skylake_avx512/gcc-11.1.0/openssh-8.5p1-ptypzvbcsi3rqhgvmsunfsirbegg5mnl:/gpfs/fs0/scratch/l/lcl_uotiscscc/lcl_uotiscsccs1034/spack/opt/spack/linux-centos7-skylake_avx512/gcc-11.1.0/libedit-3.1-20210216-tpo4bk6bl7g4fjph4dwuyxsoop65jo6b:/gpfs/fs0/scratch/l/lcl_uotiscscc/lcl_uotiscsccs1034/spack/opt/spack/linux-centos7-skylake_avx512/gcc-11.1.0/gettext-0.21-w66ui6xuwaxqldc2gturttmyqi4vkizm:/gpfs/fs0/scratch/l/lcl_uotiscscc/lcl_uotiscsccs1034/spack/opt/spack/linux-centos7-skylake_avx512/gcc-11.1.0/tar-1.34-dg5mcrd2cyfx2rwjizcst3xwltjwgnci:/gpfs/fs0/scratch/l/lcl_uotiscscc/lcl_uotiscsccs1034/spack/opt/spack/linux-centos7-skylake_avx512/gcc-11.1.0/ncurses-6.2-cvzdtkhwuuhhrhxy3fptswetlayt4a7z:/gpfs/fs0/scratch/l/lcl_uotiscscc/lcl_uotiscsccs1034/spack/opt/spack/linux-centos7-skylake_avx512/gcc-11.1.0/libxml2-2.9.10-f6x3xrlahay7zz7rvnkxswd2fopo2xbl:/gpfs/fs0/scratch/l/lcl_uotiscscc/lcl_uotiscsccs1034/spack/opt/spack/linux-centos7-skylake_avx512/gcc-11.1.0/xz-5.2.5-2pmv4o2uytqu5wnuevtm5rozuwqv7psg:/gpfs/fs0/scratch/l/lcl_uotiscscc/lcl_uotiscsccs1034/spack/opt/spack/linux-centos7-skylake_avx512/gcc-11.1.0/bzip2-1.0.8-kfekfkzjxc6upcqdwsw4zcna2uh2rbpg:/gpfs/fs0/scratch/l/lcl_uotiscscc/lcl_uotiscsccs1034/spack/opt/spack/linux-centos7-skylake_avx512/gcc-11.1.0/expat-2.3.0-dtulpwidarfy7brexo6y6too3jvrhyil:/gpfs/fs0/scratch/l/lcl_uotiscscc/lcl_uotiscsccs1034/spack/opt/spack/linux-centos7-skylake_avx512/gcc-11.1.0/libbsd-0.11.3-dncrgld7mxxm4qwxb3hmkd6r4srn57tg:/gpfs/fs0/scratch/l/lcl_uotiscscc/lcl_uotiscsccs1034/spack/opt/spack/linux-centos7-skylake_avx512/gcc-11.1.0/libmd-1.0.3-vuvjecmvron2tz6te46yssfco4owtkb5:/gpfs/fs0/scratch/l/lcl_uotiscscc/lcl_uotiscsccs1034/spack/opt/spack/linux-centos7-skylake_avx512/gcc-11.1.0/curl-7.76.1-ayixrof43u7vxwimor2zkb7rgq67wdxg:/gpfs/fs0/scratch/l/lcl_uotiscscc/lcl_uotiscsccs1034/spack/opt/spack/linux-centos7-skylake_avx512/gcc-11.1.0/openssl-1.1.1k-byzplam6g7jy55h5qwfs67wmuugqzty6:/gpfs/fs0/scratch/l/lcl_uotiscscc/lcl_uotiscsccs1034/spack/opt/spack/linux-centos7-skylake_avx512/gcc-11.1.0/zlib-1.2.11-tdy4ms7e6m5yuqgljhwxrlw524zubo4y:/gpfs/fs0/scratch/l/lcl_uotiscscc/lcl_uotiscsccs1034/spack/opt/spack/linux-centos7-skylake_avx512/gcc-11.1.0/libidn2-2.3.0-c2uccgfxp766voqwhqaun6lb7h2z754s:/gpfs/fs0/scratch/l/lcl_uotiscscc/lcl_uotiscsccs1034/spack/opt/spack/linux-centos7-skylake_avx512/gcc-11.1.0/libunistring-0.9.10-65es6jmkpz63vki7ituaz3iqkssyeyrp:/gpfs/fs0/scratch/l/lcl_uotiscscc/lcl_uotiscsccs1034/spack/opt/spack/linux-centos7-skylake_avx512/gcc-11.1.0/libiconv-1.16-zgps2bxcenz2rvgjafrqjs3pw5zzxiku
__LMOD_REF_COUNT_MANPATH=/scinet/niagara/software/2019b/opt/intel-2019u4/openmpi/4.0.1-hpcx2.5/share/man:1;/scinet/intel/2019u4/man/common:1;/scinet/intel/2019u4/documentation_2019/en/debugger/gdb-ia/man:1;/gpfs/fs0/scratch/l/lcl_uotiscscc/lcl_uotiscsccs1034/spack/opt/spack/linux-centos7-skylake_avx512/gcc-11.1.0/git-2.31.1-hejxfovvppsptcrwfd4w4quudi7353ch/share/man:2;/gpfs/fs0/scratch/l/lcl_uotiscscc/lcl_uotiscsccs1034/spack/opt/spack/linux-centos7-skylake_avx512/gcc-11.1.0/perl-5.32.1-cpha2efrgjc6kdocypazpnhmefvxnwdx/man:2;/gpfs/fs0/scratch/l/lcl_uotiscscc/lcl_uotiscsccs1034/spack/opt/spack/linux-centos7-skylake_avx512/gcc-11.1.0/gdbm-1.19-aermwohd4yp5ml4unyn3gucv5pjakp2o/share/man:2;/gpfs/fs0/scratch/l/lcl_uotiscscc/lcl_uotiscsccs1034/spack/opt/spack/linux-centos7-skylake_avx512/gcc-11.1.0/readline-8.1-enlnwfe42bnof57izlh6lneftkwj4sui/share/man:2;/gpfs/fs0/scratch/l/lcl_uotiscscc/lcl_uotiscsccs1034/spack/opt/spack/linux-centos7-skylake_avx512/gcc-11.1.0/pcre2-10.36-5wbmo7oxegol4wctyiztzjcyt2j4vya7/share/man:2;/gpfs/fs0/scratch/l/lcl_uotiscscc/lcl_uotiscsccs1034/spack/opt/spack/linux-centos7-skylake_avx512/gcc-11.1.0/openssh-8.5p1-ptypzvbcsi3rqhgvmsunfsirbegg5mnl/share/man:2;/gpfs/fs0/scratch/l/lcl_uotiscscc/lcl_uotiscsccs1034/spack/opt/spack/linux-centos7-skylake_avx512/gcc-11.1.0/libedit-3.1-20210216-tpo4bk6bl7g4fjph4dwuyxsoop65jo6b/share/man:2;/gpfs/fs0/scratch/l/lcl_uotiscscc/lcl_uotiscsccs1034/spack/opt/spack/linux-centos7-skylake_avx512/gcc-11.1.0/gettext-0.21-w66ui6xuwaxqldc2gturttmyqi4vkizm/share/man:2;/gpfs/fs0/scratch/l/lcl_uotiscscc/lcl_uotiscsccs1034/spack/opt/spack/linux-centos7-skylake_avx512/gcc-11.1.0/tar-1.34-dg5mcrd2cyfx2rwjizcst3xwltjwgnci/share/man:2;/gpfs/fs0/scratch/l/lcl_uotiscscc/lcl_uotiscsccs1034/spack/opt/spack/linux-centos7-skylake_avx512/gcc-11.1.0/libxml2-2.9.10-f6x3xrlahay7zz7rvnkxswd2fopo2xbl/share/man:2;/gpfs/fs0/scratch/l/lcl_uotiscscc/lcl_uotiscsccs1034/spack/opt/spack/linux-centos7-skylake_avx512/gcc-11.1.0/xz-5.2.5-2pmv4o2uytqu5wnuevtm5rozuwqv7psg/share/man:2;/gpfs/fs0/scratch/l/lcl_uotiscscc/lcl_uotiscsccs1034/spack/opt/spack/linux-centos7-skylake_avx512/gcc-11.1.0/bzip2-1.0.8-kfekfkzjxc6upcqdwsw4zcna2uh2rbpg/man:2;/gpfs/fs0/scratch/l/lcl_uotiscscc/lcl_uotiscsccs1034/spack/opt/spack/linux-centos7-skylake_avx512/gcc-11.1.0/libbsd-0.11.3-dncrgld7mxxm4qwxb3hmkd6r4srn57tg/share/man:2;/gpfs/fs0/scratch/l/lcl_uotiscscc/lcl_uotiscsccs1034/spack/opt/spack/linux-centos7-skylake_avx512/gcc-11.1.0/libmd-1.0.3-vuvjecmvron2tz6te46yssfco4owtkb5/share/man:2;/gpfs/fs0/scratch/l/lcl_uotiscscc/lcl_uotiscsccs1034/spack/opt/spack/linux-centos7-skylake_avx512/gcc-11.1.0/curl-7.76.1-ayixrof43u7vxwimor2zkb7rgq67wdxg/share/man:2;/gpfs/fs0/scratch/l/lcl_uotiscscc/lcl_uotiscsccs1034/spack/opt/spack/linux-centos7-skylake_avx512/gcc-11.1.0/zlib-1.2.11-tdy4ms7e6m5yuqgljhwxrlw524zubo4y/share/man:2;/gpfs/fs0/scratch/l/lcl_uotiscscc/lcl_uotiscsccs1034/spack/opt/spack/linux-centos7-skylake_avx512/gcc-11.1.0/libidn2-2.3.0-c2uccgfxp766voqwhqaun6lb7h2z754s/share/man:2;/gpfs/fs0/scratch/l/lcl_uotiscscc/lcl_uotiscsccs1034/spack/opt/spack/linux-centos7-skylake_avx512/gcc-11.1.0/libiconv-1.16-zgps2bxcenz2rvgjafrqjs3pw5zzxiku/share/man:2;/opt/slurm/share/man:1;/scinet/niagara/software/2019b/lmod/lmod/share/man:1;/scinet/niagara/share/man:1
LMOD_DIR=/scinet/niagara/software/2019b/lmod/lmod/libexec
INCLUDE=/home/l/lcl_uotiscscc/lcl_uotiscsccs1034/scratch/nonspack/netcdf/include:/home/l/lcl_uotiscscc/lcl_uotiscsccs1034/scratch/nonspack/hdf5/include:/home/l/lcl_uotiscscc/lcl_uotiscsccs1034/usr/netcdf/include:/home/l/lcl_uotiscscc/lcl_uotiscsccs1034/usr/hdf5/include:/home/l/lcl_uotiscscc/lcl_uotiscsccs1034/usr/netcdf/include:/home/l/lcl_uotiscscc/lcl_uotiscsccs1034/usr/hdf5/include:
LMOD_FAMILY_MPI=openmpi
PROJECT_ROOT=/home/l/lcl_uotiscscc/lcl_uotiscsccs1034/scratch/code-challenge/collective_profiler/
SLURM_MEM_PER_NODE=175000
SCRATCH=/scratch/l/lcl_uotiscscc/lcl_uotiscsccs1034
BASH_FUNC__spack_shell_wrapper()=() {  for var in LD_LIBRARY_PATH DYLD_LIBRARY_PATH DYLD_FALLBACK_LIBRARY_PATH;
 do
 eval "if [ -n \"\${${var}-}\" ]; then export SPACK_$var=\${${var}}; fi";
 done;
 if [ -n "${ZSH_VERSION:-}" ]; then
 emulate -L sh;
 fi;
 _sp_flags="";
 while [ ! -z ${1+x} ] && [ "${1#-}" != "${1}" ]; do
 _sp_flags="$_sp_flags $1";
 shift;
 done;
 if [ -n "$_sp_flags" ] && [ "${_sp_flags#*h}" != "${_sp_flags}" ] || [ "${_sp_flags#*V}" != "${_sp_flags}" ]; then
 command spack $_sp_flags "$@";
 return;
 fi;
 _sp_subcommand="";
 if [ ! -z ${1+x} ]; then
 _sp_subcommand="$1";
 shift;
 fi;
 case $_sp_subcommand in 
 "cd")
 _sp_arg="";
 if [ -n "$1" ]; then
 _sp_arg="$1";
 shift;
 fi;
 if [ "$_sp_arg" = "-h" ] || [ "$_sp_arg" = "--help" ]; then
 command spack cd -h;
 else
 LOC="$(spack location $_sp_arg "$@")";
 if [ -d "$LOC" ]; then
 cd "$LOC";
 else
 return 1;
 fi;
 fi;
 return
 ;;
 "env")
 _sp_arg="";
 if [ -n "$1" ]; then
 _sp_arg="$1";
 shift;
 fi;
 if [ "$_sp_arg" = "-h" ] || [ "$_sp_arg" = "--help" ]; then
 command spack env -h;
 else
 case $_sp_arg in 
 activate)
 _a=" $@";
 if [ -z ${1+x} ] || [ "${_a#* --sh}" != "$_a" ] || [ "${_a#* --csh}" != "$_a" ] || [ "${_a#* -h}" != "$_a" ] || [ "${_a#* --help}" != "$_a" ]; then
 command spack env activate "$@";
 else
 eval $(command spack $_sp_flags env activate --sh "$@");
 fi
 ;;
 deactivate)
 _a=" $@";
 if [ "${_a#* --sh}" != "$_a" ] || [ "${_a#* --csh}" != "$_a" ]; then
 command spack env deactivate "$@";
 else
 if [ -n "$*" ]; then
 command spack env deactivate -h;
 else
 eval $(command spack $_sp_flags env deactivate --sh);
 fi;
 fi
 ;;
 *)
 command spack env $_sp_arg "$@"
 ;;
 esac;
 fi;
 return
 ;;
 "load" | "unload")
 _a=" $@";
 if [ "${_a#* --sh}" != "$_a" ] || [ "${_a#* --csh}" != "$_a" ] || [ "${_a#* -h}" != "$_a" ] || [ "${_a#* --help}" != "$_a" ]; then
 command spack $_sp_flags $_sp_subcommand "$@";
 else
 eval $(command spack $_sp_flags $_sp_subcommand --sh "$@" ||                     echo "return 1");
 fi
 ;;
 *)
 command spack $_sp_flags $_sp_subcommand "$@"
 ;;
 esac
}
BASH_FUNC_sbatch()=() {  command sbatch --export=NONE "$@"
}
BASH_FUNC_module()=() {  if [ "$*" = "--force purge" ]; then
 [[ $LOADEDMODULES =~ (:|^)[a-zA-Z]*Env[^:]*(:|$) ]];
 local modstack=${BASH_REMATCH[0]//:/};
 eval $($LMOD_CMD bash "$@") && eval $($LMOD_CMD bash load $modstack);
 else
 if [ "${1:0:2}" = "lo" ]; then
 for mod in "${@:2}";
 do
 eval $($LMOD_CMD bash load "$mod");
 done;
 else
 eval $($LMOD_CMD bash "$@");
 fi;
 fi
}
BASH_FUNC_spack()=() {  : this is a shell function from: /gpfs/fs0/scratch/l/lcl_uotiscscc/lcl_uotiscsccs1034/spack/share/spack/setup-env.sh;
 : the real spack script is here: /gpfs/fs0/scratch/l/lcl_uotiscscc/lcl_uotiscsccs1034/spack/bin/spack;
 _spack_shell_wrapper "$@";
 return $?
}
BASH_FUNC_ml()=() {  eval $($LMOD_DIR/ml_cmd "$@")
}
_=/bin/env
